<?xml version="1.0" encoding="utf-8"?><testsuites><testsuite errors="0" failures="1" hostname="LAPTOP-67E2QIOL" name="pytest" skipped="1" tests="8" time="0.144" timestamp="2022-03-29T17:52:28.686402"><testcase classname="test_main" file="test_main.py" line="5" name="test_CheckPrime[5-False]" time="0.001"><skipped message="" type="pytest.xfail"></skipped></testcase><testcase classname="test_main" file="test_main.py" line="5" name="test_CheckPrime[2-True]" time="0.000"></testcase><testcase classname="test_main" file="test_main.py" line="5" name="test_CheckPrime[10-False]" time="0.000"></testcase><testcase classname="test_main" file="test_main.py" line="5" name="test_CheckPrime[7-True]" time="0.002"></testcase><testcase classname="test_main" file="test_main.py" line="12" name="test_CheckPalindrome[55-False]" time="0.001"><failure message="assert True == False">num = 55, output = False

    @pytest.mark.parametrize(&quot;num,output&quot;, [(55, False), (2, True), (10, False), (77, True)])
    def test_CheckPalindrome(num, output):
        result = main.CheckPalindrome(num)
&gt;       assert result == output
E       assert True == False

test_main.py:16: AssertionError</failure></testcase><testcase classname="test_main" file="test_main.py" line="12" name="test_CheckPalindrome[2-True]" time="0.000"></testcase><testcase classname="test_main" file="test_main.py" line="12" name="test_CheckPalindrome[10-False]" time="0.001"></testcase><testcase classname="test_main" file="test_main.py" line="12" name="test_CheckPalindrome[77-True]" time="0.000"></testcase></testsuite></testsuites>